<?xml version="1.0" encoding="UTF-8"?>
<!-- Generated by org.testng.reporters.JUnitReportReporter -->
<testsuite hostname="DESKTOP-NBAG2P3" failures="0" tests="1" name="Casestudy1.TestNG" time="20.122" errors="0" timestamp="20 Oct 2022 06:24:01 GMT">
  <testcase classname="Casestudy1.TestNG" name="Dipak" time="20.122"/>
</testsuite> <!-- Casestudy1.TestNG -->
